Using pre-set license
Built from '2023.1/staging' branch; Version is '2023.1.9f1 (f3f94c8cdc49) revision 15989068'; Using compiler version '192829333'; Build Type 'Release'
OS: 'Windows 11  (10.0.22621) 64bit Professional' Language: 'ru' Physical Memory: 16303 MB
BatchMode: 1, IsHumanControllingUs: 0, StartBugReporterOnCrash: 0, Is64bit: 1, IsPro: 1

COMMAND LINE ARGUMENTS:
C:\Program Files\Unity\Hub\Editor\2023.1.9f1\Editor\Unity.exe
-adb2
-batchMode
-noUpm
-name
AssetImportWorker3
-projectPath
C:/Users/pepe1/OneDrive/Рабочий стол/TreasureIsland/TreasureIsland
-logFile
Logs/AssetImportWorker3.log
-srvPort
60452
Successfully changed project path to: C:/Users/pepe1/OneDrive/Рабочий стол/TreasureIsland/TreasureIsland
C:/Users/pepe1/OneDrive/Рабочий стол/TreasureIsland/TreasureIsland
[UnityMemory] Configuration Parameters - Can be set up in boot.config
    "memorysetup-bucket-allocator-granularity=16"
    "memorysetup-bucket-allocator-bucket-count=8"
    "memorysetup-bucket-allocator-block-size=33554432"
    "memorysetup-bucket-allocator-block-count=8"
    "memorysetup-main-allocator-block-size=16777216"
    "memorysetup-thread-allocator-block-size=16777216"
    "memorysetup-gfx-main-allocator-block-size=16777216"
    "memorysetup-gfx-thread-allocator-block-size=16777216"
    "memorysetup-cache-allocator-block-size=4194304"
    "memorysetup-typetree-allocator-block-size=2097152"
    "memorysetup-profiler-bucket-allocator-granularity=16"
    "memorysetup-profiler-bucket-allocator-bucket-count=8"
    "memorysetup-profiler-bucket-allocator-block-size=33554432"
    "memorysetup-profiler-bucket-allocator-block-count=8"
    "memorysetup-profiler-allocator-block-size=16777216"
    "memorysetup-profiler-editor-allocator-block-size=1048576"
    "memorysetup-temp-allocator-size-main=16777216"
    "memorysetup-job-temp-allocator-block-size=2097152"
    "memorysetup-job-temp-allocator-block-size-background=1048576"
    "memorysetup-job-temp-allocator-reduction-small-platforms=262144"
    "memorysetup-allocator-temp-initial-block-size-main=262144"
    "memorysetup-allocator-temp-initial-block-size-worker=262144"
    "memorysetup-temp-allocator-size-background-worker=32768"
    "memorysetup-temp-allocator-size-job-worker=262144"
    "memorysetup-temp-allocator-size-preload-manager=33554432"
    "memorysetup-temp-allocator-size-nav-mesh-worker=65536"
    "memorysetup-temp-allocator-size-audio-worker=65536"
    "memorysetup-temp-allocator-size-cloud-worker=32768"
    "memorysetup-temp-allocator-size-gi-baking-worker=262144"
    "memorysetup-temp-allocator-size-gfx=262144"
Player connection [59064] Host "[IP] 192.168.0.12 [Port] 0 [Flags] 2 [Guid] 1465963538 [EditorId] 1465963538 [Version] 1048832 [Id] WindowsEditor(7,PC) [Debug] 1 [PackageName] WindowsEditor [ProjectName] Editor" joined multi-casting on [225.0.0.222:54997]...

Player connection [59064] Host "[IP] 192.168.0.12 [Port] 0 [Flags] 2 [Guid] 1465963538 [EditorId] 1465963538 [Version] 1048832 [Id] WindowsEditor(7,PC) [Debug] 1 [PackageName] WindowsEditor [ProjectName] Editor" joined alternative multi-casting on [225.0.0.222:34997]...

[Physics::Module] Initialized MultithreadedJobDispatcher with 11 workers.
Library Redirect Path: Library/Refreshing native plugins compatible for Editor in 6.78 ms, found 3 plugins.
Preloading 0 native plugins for Editor in 0.00 ms.
Initialize engine version: 2023.1.9f1 (f3f94c8cdc49)
[Subsystems] Discovering subsystems at path C:/Program Files/Unity/Hub/Editor/2023.1.9f1/Editor/Data/Resources/UnitySubsystems
[Subsystems] Discovering subsystems at path C:/Users/pepe1/OneDrive/Рабочий стол/TreasureIsland/TreasureIsland/Assets
GfxDevice: creating device client; threaded=0; jobified=0
Direct3D:
    Version:  Direct3D 11.0 [level 11.1]
    Renderer: NVIDIA GeForce RTX 3060 Ti (ID=0x2486)
    Vendor:   NVIDIA
    VRAM:     8038 MB
    Driver:   31.0.15.4617
Initialize mono
Mono path[0] = 'C:/Program Files/Unity/Hub/Editor/2023.1.9f1/Editor/Data/Managed'
Mono path[1] = 'C:/Program Files/Unity/Hub/Editor/2023.1.9f1/Editor/Data/MonoBleedingEdge/lib/mono/unityjit-win32'
Mono config path = 'C:/Program Files/Unity/Hub/Editor/2023.1.9f1/Editor/Data/MonoBleedingEdge/etc'
Using monoOptions --debugger-agent=transport=dt_socket,embedding=1,server=y,suspend=n,address=127.0.0.1:56808
Begin MonoManager ReloadAssembly
C:\build\output\Unity-Technologies\mono\mono\metadata\icall.c:1842:
C:\build\output\Unity-Technologies\mono\mono\metadata\icall.c:1842:
C:\build\output\Unity-Technologies\mono\mono\metadata\icall.c:1842:
C:\build\output\Unity-Technologies\mono\mono\metadata\icall.c:1842:
C:\build\output\Unity-Technologies\mono\mono\metadata\icall.c:1842:
C:\build\output\Unity-Technologies\mono\mono\metadata\icall.c:1842:
C:\build\output\Unity-Technologies\mono\mono\metadata\icall.c:1842:
C:\build\output\Unity-Technologies\mono\mono\metadata\icall.c:1842:
C:\build\output\Unity-Technologies\mono\mono\metadata\icall.c:1842:
C:\build\output\Unity-Technologies\mono\mono\metadata\icall.c:1842:
Registering precompiled unity dll's ...
Register platform support module: C:/Program Files/Unity/Hub/Editor/2023.1.9f1/Editor/Data/PlaybackEngines/WebGLSupport/UnityEditor.WebGL.Extensions.dll
Register platform support module: C:/Program Files/Unity/Hub/Editor/2023.1.9f1/Editor/Data/PlaybackEngines/WindowsStandaloneSupport/UnityEditor.WindowsStandalone.Extensions.dll
Register platform support module: C:/Program Files/Unity/Hub/Editor/2023.1.9f1/Editor/Data/PlaybackEngines/AndroidPlayer/UnityEditor.Android.Extensions.dll
Register platform support module: C:/Program Files/Unity/Hub/Editor/2023.1.9f1/Editor/Data/PlaybackEngines/iOSSupport/UnityEditor.iOS.Extensions.dll
Registered in 0.005595 seconds.
- Loaded All Assemblies, in  0.426 seconds
[usbmuxd] Start listen thread
[usbmuxd] Listen thread started
Native extension for iOS target not found
Native extension for Android target not found
Android Extension - Scanning For ADB Devices 353 ms
Native extension for WindowsStandalone target not found
Native extension for WebGL target not found
Mono: successfully reloaded assembly
C:\build\output\Unity-Technologies\mono\mono\metadata\icall.c:1842:
C:\build\output\Unity-Technologies\mono\mono\metadata\icall.c:1842:
- Finished resetting the current domain, in  0.731 seconds
Domain Reload Profiling: 1155ms
	BeginReloadAssembly (133ms)
		ExecutionOrderSort (0ms)
		DisableScriptedObjects (0ms)
		BackupInstance (0ms)
		ReleaseScriptingObjects (0ms)
		CreateAndSetChildDomain (1ms)
	RebuildCommonClasses (37ms)
	RebuildNativeTypeToScriptingClass (13ms)
	initialDomainReloadingComplete (54ms)
	LoadAllAssembliesAndSetupDomain (188ms)
		LoadAssemblies (132ms)
		RebuildTransferFunctionScriptingTraits (0ms)
		AnalyzeDomain (182ms)
			TypeCache.Refresh (181ms)
				TypeCache.ScanAssembly (167ms)
			ScanForSourceGeneratedMonoScriptInfo (0ms)
			ResolveRequiredComponents (1ms)
	FinalizeReload (731ms)
		ReleaseScriptCaches (0ms)
		RebuildScriptCaches (0ms)
		SetupLoadedEditorAssemblies (683ms)
			LogAssemblyErrors (0ms)
			InitializePlatformSupportModulesInManaged (465ms)
			SetLoadedEditorAssemblies (4ms)
			BeforeProcessingInitializeOnLoad (8ms)
			ProcessInitializeOnLoadAttributes (145ms)
			ProcessInitializeOnLoadMethodAttributes (62ms)
			AfterProcessingInitializeOnLoad (0ms)
			EditorAssembliesLoaded (0ms)
		ExecutionOrderSort2 (0ms)
		AwakeInstancesAfterBackupRestoration (0ms)
========================================================================
Worker process is ready to serve import requests
Import Worker Mode flag is 0x00
Begin MonoManager ReloadAssembly
C:\build\output\Unity-Technologies\mono\mono\metadata\icall.c:1842:
C:\build\output\Unity-Technologies\mono\mono\metadata\icall.c:1842:
C:\build\output\Unity-Technologies\mono\mono\metadata\icall.c:1842:
C:\build\output\Unity-Technologies\mono\mono\metadata\icall.c:1842:
C:\build\output\Unity-Technologies\mono\mono\metadata\icall.c:1842:
C:\build\output\Unity-Technologies\mono\mono\metadata\icall.c:1842:
C:\build\output\Unity-Technologies\mono\mono\metadata\icall.c:1842:
C:\build\output\Unity-Technologies\mono\mono\metadata\icall.c:1842:
C:\build\output\Unity-Technologies\mono\mono\metadata\icall.c:1842:
C:\build\output\Unity-Technologies\mono\mono\metadata\icall.c:1842:
C:\build\output\Unity-Technologies\mono\mono\metadata\icall.c:1842:
C:\build\output\Unity-Technologies\mono\mono\metadata\icall.c:1842:
Symbol file LoadedFromMemory doesn't match image C:\Users\pepe1\OneDrive\Рабочий стол\TreasureIsland\TreasureIsland\Library\PackageCache\com.unity.visualscripting@1.8.0\Editor\VisualScripting.Core\Dependencies\YamlDotNet\Unity.VisualScripting.YamlDotNet.dll
Symbol file LoadedFromMemory doesn't match image C:\Users\pepe1\OneDrive\Рабочий стол\TreasureIsland\TreasureIsland\Library\PackageCache\com.unity.visualscripting@1.8.0\Editor\VisualScripting.Core\Dependencies\DotNetZip\Unity.VisualScripting.IonicZip.dll
- Loaded All Assemblies, in  0.893 seconds
Refreshing native plugins compatible for Editor in 2.10 ms, found 3 plugins.
Native extension for iOS target not found
Native extension for Android target not found
Native extension for WindowsStandalone target not found
Native extension for WebGL target not found
Mono: successfully reloaded assembly
- Finished resetting the current domain, in  0.594 seconds
Domain Reload Profiling: 1485ms
	BeginReloadAssembly (275ms)
		ExecutionOrderSort (0ms)
		DisableScriptedObjects (6ms)
		BackupInstance (0ms)
		ReleaseScriptingObjects (0ms)
		CreateAndSetChildDomain (30ms)
	RebuildCommonClasses (35ms)
	RebuildNativeTypeToScriptingClass (12ms)
	initialDomainReloadingComplete (37ms)
	LoadAllAssembliesAndSetupDomain (530ms)
		LoadAssemblies (308ms)
		RebuildTransferFunctionScriptingTraits (0ms)
		AnalyzeDomain (321ms)
			TypeCache.Refresh (303ms)
				TypeCache.ScanAssembly (288ms)
			ScanForSourceGeneratedMonoScriptInfo (14ms)
			ResolveRequiredComponents (4ms)
	FinalizeReload (595ms)
		ReleaseScriptCaches (0ms)
		RebuildScriptCaches (0ms)
		SetupLoadedEditorAssemblies (395ms)
			LogAssemblyErrors (0ms)
			InitializePlatformSupportModulesInManaged (33ms)
			SetLoadedEditorAssemblies (4ms)
			BeforeProcessingInitializeOnLoad (65ms)
			ProcessInitializeOnLoadAttributes (269ms)
			ProcessInitializeOnLoadMethodAttributes (22ms)
			AfterProcessingInitializeOnLoad (4ms)
			EditorAssembliesLoaded (0ms)
		ExecutionOrderSort2 (0ms)
		AwakeInstancesAfterBackupRestoration (6ms)
Launched and connected shader compiler UnityShaderCompiler.exe after 0.02 seconds
Refreshing native plugins compatible for Editor in 2.45 ms, found 3 plugins.
Preloading 0 native plugins for Editor in 0.00 ms.
Unloading 3128 Unused Serialized files (Serialized files now loaded: 0)
Unloading 31 unused Assets / (52.7 KB). Loaded Objects now: 3677.
Memory consumption went from 129.1 MB to 129.0 MB.
Total: 5.779500 ms (FindLiveObjects: 0.537700 ms CreateObjectMapping: 0.460900 ms MarkObjects: 4.655800 ms  DeleteObjects: 0.123600 ms)

AssetImportParameters requested are different than current active one (requested -> active):
  custom:video-decoder-webm-vp8: 9c59270c3fd7afecdb556c50c9e8de78 -> 
  custom:SearchIndexIgnoredProperties: e643bd26f0fe6173181afceb89e7c659 -> 
  custom:audio-encoder-webm-vorbis: bf7c407c2cedff20999df2af8eb42d56 -> 
  custom:AudioImporter_EditorPlatform: d09bf68614088b80899f8185d706f6e7 -> 
  custom:audio-decoder-ogg-vorbis: bf7c407c2cedff20999df2af8eb42d56 -> 
  custom:video-encoder-webm-vp8: eb34c28f22e8b96e1ab97ce403110664 -> 
  custom:container-demuxer-ogg: 62fdf1f143b41e24485cea50d1cbac27 -> 
  custom:framework-win-MediaFoundation: 216162199b28c13a410421893ffa2e32 -> 
  custom:video-decoder-ogg-theora: a1e56fd34408186e4bbccfd4996cb3dc -> 
  custom:container-muxer-webm: aa71ff27fc2769a1b78a27578f13a17b -> 
  custom:video-codec-MediaFoundation-h265: 746d11721c4dcdbdad8f713fa42b33f4 -> 
  custom:CustomObjectIndexerAttribute: 756ad292c208cfabdd7b50bc23989ffe -> 
  custom:container-demuxer-webm: 4f35f7cbe854078d1ac9338744f61a02 -> 
========================================================================
Received Import Request.
  Time since last request: 562757.466901 seconds.
  path: Assets/OceanMap/Icons/Icon3.png
  artifactKey: Guid(66ce53aead01be24597109cbef600d7a) Importer(815301076,1909f56bfc062723c751e8b465ee728b)
Start importing Assets/OceanMap/Icons/Icon3.png using Guid(66ce53aead01be24597109cbef600d7a) Importer(815301076,1909f56bfc062723c751e8b465ee728b)  -> (artifact id: 'ae81737712d89f00e7f9a93f4a7f60bb') in 0.071256 seconds
Number of updated asset objects reloaded before import = 0
Number of asset objects unloaded after import = 2
========================================================================
Received Import Request.
  Time since last request: 0.000026 seconds.
  path: Assets/OceanMap/Icons/Icon13.png
  artifactKey: Guid(87caab1a0a6f4404b8a745e01208cab6) Importer(815301076,1909f56bfc062723c751e8b465ee728b)
Start importing Assets/OceanMap/Icons/Icon13.png using Guid(87caab1a0a6f4404b8a745e01208cab6) Importer(815301076,1909f56bfc062723c751e8b465ee728b)  -> (artifact id: '93ea100e6aa04c9bff07a66b0437fa97') in 0.021073 seconds
Number of updated asset objects reloaded before import = 0
Number of asset objects unloaded after import = 2
========================================================================
Received Import Request.
  Time since last request: 0.000026 seconds.
  path: Assets/OceanMap/Icons/Icon30.png
  artifactKey: Guid(dd8b16b76c1b9794f93b7e50c44d2fb6) Importer(815301076,1909f56bfc062723c751e8b465ee728b)
Start importing Assets/OceanMap/Icons/Icon30.png using Guid(dd8b16b76c1b9794f93b7e50c44d2fb6) Importer(815301076,1909f56bfc062723c751e8b465ee728b)  -> (artifact id: 'f1420ee4a8e33e63b82ef64aaf39e016') in 0.011251 seconds
Number of updated asset objects reloaded before import = 0
Number of asset objects unloaded after import = 2
========================================================================
Received Import Request.
  Time since last request: 0.000020 seconds.
  path: Assets/OceanMap/Icons/Icon42.png
  artifactKey: Guid(e60e282c886f0954f842fa12c3d363da) Importer(815301076,1909f56bfc062723c751e8b465ee728b)
Start importing Assets/OceanMap/Icons/Icon42.png using Guid(e60e282c886f0954f842fa12c3d363da) Importer(815301076,1909f56bfc062723c751e8b465ee728b)  -> (artifact id: 'be48e99ca8e77b6f100b59be97fccc5c') in 0.010114 seconds
Number of updated asset objects reloaded before import = 0
Number of asset objects unloaded after import = 2
========================================================================
Received Import Request.
  Time since last request: 0.000020 seconds.
  path: Assets/OceanMap/Icons/Icon29.png
  artifactKey: Guid(6e39a5c8848239341ad27b9aa923f3c4) Importer(815301076,1909f56bfc062723c751e8b465ee728b)
Start importing Assets/OceanMap/Icons/Icon29.png using Guid(6e39a5c8848239341ad27b9aa923f3c4) Importer(815301076,1909f56bfc062723c751e8b465ee728b)  -> (artifact id: '465a2c0560a7cfc8bbbef5834237f4f6') in 0.018666 seconds
Number of updated asset objects reloaded before import = 0
Number of asset objects unloaded after import = 2
========================================================================
Received Import Request.
  Time since last request: 0.000024 seconds.
  path: Assets/OceanMap/Icons/Icon8.png
  artifactKey: Guid(67a5ae18052160648b30891d9185b967) Importer(815301076,1909f56bfc062723c751e8b465ee728b)
Start importing Assets/OceanMap/Icons/Icon8.png using Guid(67a5ae18052160648b30891d9185b967) Importer(815301076,1909f56bfc062723c751e8b465ee728b)  -> (artifact id: '4f672bdc5b16f88704153c3d1f699492') in 0.012805 seconds
Number of updated asset objects reloaded before import = 0
Number of asset objects unloaded after import = 2
========================================================================
Received Import Request.
  Time since last request: 0.000028 seconds.
  path: Assets/OceanMap/Icons/Icon47.png
  artifactKey: Guid(e9b1b6ed68b81ac45b4c12c010fa4d4d) Importer(815301076,1909f56bfc062723c751e8b465ee728b)
Start importing Assets/OceanMap/Icons/Icon47.png using Guid(e9b1b6ed68b81ac45b4c12c010fa4d4d) Importer(815301076,1909f56bfc062723c751e8b465ee728b)  -> (artifact id: '0b5f03cbc8738f46aaa3a662e895e40c') in 0.011252 seconds
Number of updated asset objects reloaded before import = 0
Number of asset objects unloaded after import = 2
========================================================================
Received Import Request.
  Time since last request: 0.000044 seconds.
  path: Assets/OceanMap/Icons/Icon48.png
  artifactKey: Guid(826db7b92399b57468c7335b0da748a9) Importer(815301076,1909f56bfc062723c751e8b465ee728b)
Start importing Assets/OceanMap/Icons/Icon48.png using Guid(826db7b92399b57468c7335b0da748a9) Importer(815301076,1909f56bfc062723c751e8b465ee728b)  -> (artifact id: '2a056f2ff2e7c5fa30e66ec453ae7d57') in 0.009817 seconds
Number of updated asset objects reloaded before import = 0
Number of asset objects unloaded after import = 2
========================================================================
Received Import Request.
  Time since last request: 0.000046 seconds.
  path: Assets/OceanMap/Icons/Icon21.png
  artifactKey: Guid(a3b4f8ced38db2d49b74627e5d1745f0) Importer(815301076,1909f56bfc062723c751e8b465ee728b)
Start importing Assets/OceanMap/Icons/Icon21.png using Guid(a3b4f8ced38db2d49b74627e5d1745f0) Importer(815301076,1909f56bfc062723c751e8b465ee728b)  -> (artifact id: '2deb3ffcecb4320c339cbe6901aa1af2') in 0.015406 seconds
Number of updated asset objects reloaded before import = 0
Number of asset objects unloaded after import = 2
========================================================================
Received Import Request.
  Time since last request: 0.000017 seconds.
  path: Assets/OceanMap/Icons/Icon23.png
  artifactKey: Guid(6d81f52d525ecf646ab918101b21f3dc) Importer(815301076,1909f56bfc062723c751e8b465ee728b)
Start importing Assets/OceanMap/Icons/Icon23.png using Guid(6d81f52d525ecf646ab918101b21f3dc) Importer(815301076,1909f56bfc062723c751e8b465ee728b)  -> (artifact id: '179d1d619330b4dfd489b2b4212138cd') in 0.008554 seconds
Number of updated asset objects reloaded before import = 0
Number of asset objects unloaded after import = 2
========================================================================
Received Import Request.
  Time since last request: 0.000069 seconds.
  path: Assets/OceanMap/Icons/Icon5.png
  artifactKey: Guid(3e60bfb8d52e9cb489659785b6608b27) Importer(815301076,1909f56bfc062723c751e8b465ee728b)
Start importing Assets/OceanMap/Icons/Icon5.png using Guid(3e60bfb8d52e9cb489659785b6608b27) Importer(815301076,1909f56bfc062723c751e8b465ee728b)  -> (artifact id: '5a13400db70f4db6ef056a85737c70a3') in 0.010695 seconds
Number of updated asset objects reloaded before import = 0
Number of asset objects unloaded after import = 2
========================================================================
Received Import Request.
  Time since last request: 0.000061 seconds.
  path: Assets/OceanMap/Icons/Icon11.png
  artifactKey: Guid(354155c89d4bb90489d98947380080ca) Importer(815301076,1909f56bfc062723c751e8b465ee728b)
Start importing Assets/OceanMap/Icons/Icon11.png using Guid(354155c89d4bb90489d98947380080ca) Importer(815301076,1909f56bfc062723c751e8b465ee728b)  -> (artifact id: '02823c7303d2bab1d479a4a182a4c2b6') in 0.012073 seconds
Number of updated asset objects reloaded before import = 0
Number of asset objects unloaded after import = 2
========================================================================
Received Import Request.
  Time since last request: 0.000062 seconds.
  path: Assets/OceanMap/Icons/Icon44.png
  artifactKey: Guid(0a58116669363d14ebb06ff27461fff9) Importer(815301076,1909f56bfc062723c751e8b465ee728b)
Start importing Assets/OceanMap/Icons/Icon44.png using Guid(0a58116669363d14ebb06ff27461fff9) Importer(815301076,1909f56bfc062723c751e8b465ee728b)  -> (artifact id: '609c973c7daae9a616aa31c31ad2eb99') in 0.010659 seconds
Number of updated asset objects reloaded before import = 0
Number of asset objects unloaded after import = 2
========================================================================
Received Import Request.
  Time since last request: 0.000020 seconds.
  path: Assets/OceanMap/Icons/Icon37.png
  artifactKey: Guid(7d10541613ed97f47a2d8c9b2cd2093b) Importer(815301076,1909f56bfc062723c751e8b465ee728b)
Start importing Assets/OceanMap/Icons/Icon37.png using Guid(7d10541613ed97f47a2d8c9b2cd2093b) Importer(815301076,1909f56bfc062723c751e8b465ee728b)  -> (artifact id: '6f1da2e98b8ffd0f69a01e3e6af9f021') in 0.014987 seconds
Number of updated asset objects reloaded before import = 0
Number of asset objects unloaded after import = 2
========================================================================
Received Import Request.
  Time since last request: 0.000034 seconds.
  path: Assets/OceanMap/Icons/Icon15.png
  artifactKey: Guid(eaccfa57dc39b9541ac41d1a8aca5487) Importer(815301076,1909f56bfc062723c751e8b465ee728b)
Start importing Assets/OceanMap/Icons/Icon15.png using Guid(eaccfa57dc39b9541ac41d1a8aca5487) Importer(815301076,1909f56bfc062723c751e8b465ee728b)  -> (artifact id: '28e91b582601149e43ac74a520593c50') in 0.009626 seconds
Number of updated asset objects reloaded before import = 0
Number of asset objects unloaded after import = 2
========================================================================
Received Import Request.
  Time since last request: 48.330952 seconds.
  path: Assets/OceanMap/Icons/Icon3.png
  artifactKey: Guid(66ce53aead01be24597109cbef600d7a) Importer(815301076,1909f56bfc062723c751e8b465ee728b)
Start importing Assets/OceanMap/Icons/Icon3.png using Guid(66ce53aead01be24597109cbef600d7a) Importer(815301076,1909f56bfc062723c751e8b465ee728b)  -> (artifact id: '751887babbf309460e228540ee323db3') in 0.039121 seconds
Number of updated asset objects reloaded before import = 0
Number of asset objects unloaded after import = 3
========================================================================
Received Import Request.
  Time since last request: 0.000030 seconds.
  path: Assets/OceanMap/Icons/Icon36.png
  artifactKey: Guid(5ee6ab509783594498f2ec06aa0eeeeb) Importer(815301076,1909f56bfc062723c751e8b465ee728b)
Start importing Assets/OceanMap/Icons/Icon36.png using Guid(5ee6ab509783594498f2ec06aa0eeeeb) Importer(815301076,1909f56bfc062723c751e8b465ee728b)  -> (artifact id: 'f0834d23aec6d2e2a938a7c35b84930f') in 0.021315 seconds
Number of updated asset objects reloaded before import = 0
Number of asset objects unloaded after import = 3
========================================================================
Received Import Request.
  Time since last request: 0.000036 seconds.
  path: Assets/OceanMap/Icons/Icon19.png
  artifactKey: Guid(ffae303913cba4040bff5128046ad23c) Importer(815301076,1909f56bfc062723c751e8b465ee728b)
Start importing Assets/OceanMap/Icons/Icon19.png using Guid(ffae303913cba4040bff5128046ad23c) Importer(815301076,1909f56bfc062723c751e8b465ee728b)  -> (artifact id: '9cb23759cdc16a83aab0cef8cb902e81') in 0.021578 seconds
Number of updated asset objects reloaded before import = 0
Number of asset objects unloaded after import = 3
========================================================================
Received Import Request.
  Time since last request: 0.000027 seconds.
  path: Assets/OceanMap/Icons/Icon39.png
  artifactKey: Guid(50edaaee9bed7914cac3227ea1c6da00) Importer(815301076,1909f56bfc062723c751e8b465ee728b)
Start importing Assets/OceanMap/Icons/Icon39.png using Guid(50edaaee9bed7914cac3227ea1c6da00) Importer(815301076,1909f56bfc062723c751e8b465ee728b)  -> (artifact id: 'a6d16d07968087ffa34e569d085f1dc7') in 0.017428 seconds
Number of updated asset objects reloaded before import = 0
Number of asset objects unloaded after import = 3
========================================================================
Received Import Request.
  Time since last request: 0.000022 seconds.
  path: Assets/OceanMap/Icons/Icon7.png
  artifactKey: Guid(21f25fb21b922c2498f90d6418c8c1b3) Importer(815301076,1909f56bfc062723c751e8b465ee728b)
Start importing Assets/OceanMap/Icons/Icon7.png using Guid(21f25fb21b922c2498f90d6418c8c1b3) Importer(815301076,1909f56bfc062723c751e8b465ee728b)  -> (artifact id: '173fe9bc3c39816d043a0383df667849') in 0.025737 seconds
Number of updated asset objects reloaded before import = 0
Number of asset objects unloaded after import = 3
========================================================================
Received Import Request.
  Time since last request: 0.000020 seconds.
  path: Assets/OceanMap/Icons/Icon42.png
  artifactKey: Guid(e60e282c886f0954f842fa12c3d363da) Importer(815301076,1909f56bfc062723c751e8b465ee728b)
Start importing Assets/OceanMap/Icons/Icon42.png using Guid(e60e282c886f0954f842fa12c3d363da) Importer(815301076,1909f56bfc062723c751e8b465ee728b)  -> (artifact id: 'df657bb0069df484e98265868e54949b') in 0.031295 seconds
Number of updated asset objects reloaded before import = 0
Number of asset objects unloaded after import = 3
========================================================================
Received Import Request.
  Time since last request: 0.000023 seconds.
  path: Assets/OceanMap/Icons/Icon27.png
  artifactKey: Guid(c12af999e646cef4689a5c6384a86e19) Importer(815301076,1909f56bfc062723c751e8b465ee728b)
Start importing Assets/OceanMap/Icons/Icon27.png using Guid(c12af999e646cef4689a5c6384a86e19) Importer(815301076,1909f56bfc062723c751e8b465ee728b)  -> (artifact id: 'c677745087fc0c8569a29c4ee2381420') in 0.018292 seconds
Number of updated asset objects reloaded before import = 0
Number of asset objects unloaded after import = 3
========================================================================
Received Import Request.
  Time since last request: 0.000044 seconds.
  path: Assets/OceanMap/Icons/Icon4.png
  artifactKey: Guid(3c30f99dfe07d584d8a4b92c232ad181) Importer(815301076,1909f56bfc062723c751e8b465ee728b)
Start importing Assets/OceanMap/Icons/Icon4.png using Guid(3c30f99dfe07d584d8a4b92c232ad181) Importer(815301076,1909f56bfc062723c751e8b465ee728b)  -> (artifact id: '3cd93d52c1beb837f65fefb598081d18') in 0.018994 seconds
Number of updated asset objects reloaded before import = 0
Number of asset objects unloaded after import = 3
========================================================================
Received Import Request.
  Time since last request: 0.000042 seconds.
  path: Assets/OceanMap/Icons/Icon38.png
  artifactKey: Guid(6c8802bb6e84d0f4895262e19b557720) Importer(815301076,1909f56bfc062723c751e8b465ee728b)
Start importing Assets/OceanMap/Icons/Icon38.png using Guid(6c8802bb6e84d0f4895262e19b557720) Importer(815301076,1909f56bfc062723c751e8b465ee728b)  -> (artifact id: '602b2731886b2ff944f80658490c0a4d') in 0.016214 seconds
Number of updated asset objects reloaded before import = 0
Number of asset objects unloaded after import = 3
========================================================================
Received Import Request.
  Time since last request: 0.000044 seconds.
  path: Assets/OceanMap/Icons/Icon48.png
  artifactKey: Guid(826db7b92399b57468c7335b0da748a9) Importer(815301076,1909f56bfc062723c751e8b465ee728b)
Start importing Assets/OceanMap/Icons/Icon48.png using Guid(826db7b92399b57468c7335b0da748a9) Importer(815301076,1909f56bfc062723c751e8b465ee728b)  -> (artifact id: 'd0591517cd1d02916a35394bac66bdbc') in 0.020230 seconds
Number of updated asset objects reloaded before import = 0
Number of asset objects unloaded after import = 3
========================================================================
Received Import Request.
  Time since last request: 0.000071 seconds.
  path: Assets/OceanMap/Icons/Icon21.png
  artifactKey: Guid(a3b4f8ced38db2d49b74627e5d1745f0) Importer(815301076,1909f56bfc062723c751e8b465ee728b)
Start importing Assets/OceanMap/Icons/Icon21.png using Guid(a3b4f8ced38db2d49b74627e5d1745f0) Importer(815301076,1909f56bfc062723c751e8b465ee728b)  -> (artifact id: '6dc1d10f524cc9b1c91a8aed0c882afe') in 0.030887 seconds
Number of updated asset objects reloaded before import = 0
Number of asset objects unloaded after import = 3
========================================================================
Received Import Request.
  Time since last request: 0.000025 seconds.
  path: Assets/OceanMap/Icons/Icon5.png
  artifactKey: Guid(3e60bfb8d52e9cb489659785b6608b27) Importer(815301076,1909f56bfc062723c751e8b465ee728b)
Start importing Assets/OceanMap/Icons/Icon5.png using Guid(3e60bfb8d52e9cb489659785b6608b27) Importer(815301076,1909f56bfc062723c751e8b465ee728b)  -> (artifact id: '3b32ce5fce3b6b50434d0e24c2496a62') in 0.013721 seconds
Number of updated asset objects reloaded before import = 0
Number of asset objects unloaded after import = 3
========================================================================
Received Import Request.
  Time since last request: 0.000041 seconds.
  path: Assets/OceanMap/Icons/Icon40.png
  artifactKey: Guid(0a62537bcff038f4897ed03ee8cf9d8c) Importer(815301076,1909f56bfc062723c751e8b465ee728b)
Start importing Assets/OceanMap/Icons/Icon40.png using Guid(0a62537bcff038f4897ed03ee8cf9d8c) Importer(815301076,1909f56bfc062723c751e8b465ee728b)  -> (artifact id: 'e8c2fe0b79cb061ad9f91c9b56fa5f10') in 0.015748 seconds
Number of updated asset objects reloaded before import = 0
Number of asset objects unloaded after import = 3
========================================================================
Received Import Request.
  Time since last request: 0.000022 seconds.
  path: Assets/OceanMap/Icons/Icon44.png
  artifactKey: Guid(0a58116669363d14ebb06ff27461fff9) Importer(815301076,1909f56bfc062723c751e8b465ee728b)
Start importing Assets/OceanMap/Icons/Icon44.png using Guid(0a58116669363d14ebb06ff27461fff9) Importer(815301076,1909f56bfc062723c751e8b465ee728b)  -> (artifact id: '4dd6a77cc5c9051a14378baf01760667') in 0.010766 seconds
Number of updated asset objects reloaded before import = 0
Number of asset objects unloaded after import = 3
========================================================================
Received Import Request.
  Time since last request: 0.000041 seconds.
  path: Assets/OceanMap/Icons/Icon37.png
  artifactKey: Guid(7d10541613ed97f47a2d8c9b2cd2093b) Importer(815301076,1909f56bfc062723c751e8b465ee728b)
Start importing Assets/OceanMap/Icons/Icon37.png using Guid(7d10541613ed97f47a2d8c9b2cd2093b) Importer(815301076,1909f56bfc062723c751e8b465ee728b)  -> (artifact id: 'b0a5a15e4976dc6947d7e7c9f726a667') in 0.016083 seconds
Number of updated asset objects reloaded before import = 0
Number of asset objects unloaded after import = 3
========================================================================
Received Import Request.
  Time since last request: 0.000024 seconds.
  path: Assets/OceanMap/Icons/Icon15.png
  artifactKey: Guid(eaccfa57dc39b9541ac41d1a8aca5487) Importer(815301076,1909f56bfc062723c751e8b465ee728b)
Start importing Assets/OceanMap/Icons/Icon15.png using Guid(eaccfa57dc39b9541ac41d1a8aca5487) Importer(815301076,1909f56bfc062723c751e8b465ee728b)  -> (artifact id: '1e9bd5269c5da4b71b8abfc06de299b4') in 0.012450 seconds
Number of updated asset objects reloaded before import = 0
Number of asset objects unloaded after import = 3
========================================================================
Received Prepare
Begin MonoManager ReloadAssembly
C:\build\output\Unity-Technologies\mono\mono\metadata\icall.c:1842:
C:\build\output\Unity-Technologies\mono\mono\metadata\icall.c:1842:
C:\build\output\Unity-Technologies\mono\mono\metadata\icall.c:1842:
C:\build\output\Unity-Technologies\mono\mono\metadata\icall.c:1842:
C:\build\output\Unity-Technologies\mono\mono\metadata\icall.c:1842:
C:\build\output\Unity-Technologies\mono\mono\metadata\icall.c:1842:
C:\build\output\Unity-Technologies\mono\mono\metadata\icall.c:1842:
C:\build\output\Unity-Technologies\mono\mono\metadata\icall.c:1842:
C:\build\output\Unity-Technologies\mono\mono\metadata\icall.c:1842:
C:\build\output\Unity-Technologies\mono\mono\metadata\icall.c:1842:
C:\build\output\Unity-Technologies\mono\mono\metadata\icall.c:1842:
C:\build\output\Unity-Technologies\mono\mono\metadata\icall.c:1842:
Symbol file LoadedFromMemory doesn't match image C:\Users\pepe1\OneDrive\Рабочий стол\TreasureIsland\TreasureIsland\Library\PackageCache\com.unity.visualscripting@1.8.0\Editor\VisualScripting.Core\Dependencies\YamlDotNet\Unity.VisualScripting.YamlDotNet.dll
Symbol file LoadedFromMemory doesn't match image C:\Users\pepe1\OneDrive\Рабочий стол\TreasureIsland\TreasureIsland\Library\PackageCache\com.unity.visualscripting@1.8.0\Editor\VisualScripting.Core\Dependencies\DotNetZip\Unity.VisualScripting.IonicZip.dll
- Loaded All Assemblies, in  0.938 seconds
Refreshing native plugins compatible for Editor in 3.31 ms, found 3 plugins.
Native extension for iOS target not found
Native extension for Android target not found
Native extension for WindowsStandalone target not found
Native extension for WebGL target not found
Mono: successfully reloaded assembly
- Finished resetting the current domain, in  1.074 seconds
Domain Reload Profiling: 2010ms
	BeginReloadAssembly (225ms)
		ExecutionOrderSort (0ms)
		DisableScriptedObjects (6ms)
		BackupInstance (0ms)
		ReleaseScriptingObjects (0ms)
		CreateAndSetChildDomain (60ms)
	RebuildCommonClasses (36ms)
	RebuildNativeTypeToScriptingClass (17ms)
	initialDomainReloadingComplete (29ms)
	LoadAllAssembliesAndSetupDomain (627ms)
		LoadAssemblies (355ms)
		RebuildTransferFunctionScriptingTraits (0ms)
		AnalyzeDomain (382ms)
			TypeCache.Refresh (375ms)
				TypeCache.ScanAssembly (359ms)
			ScanForSourceGeneratedMonoScriptInfo (0ms)
			ResolveRequiredComponents (7ms)
	FinalizeReload (1075ms)
		ReleaseScriptCaches (0ms)
		RebuildScriptCaches (0ms)
		SetupLoadedEditorAssemblies (518ms)
			LogAssemblyErrors (0ms)
			InitializePlatformSupportModulesInManaged (42ms)
			SetLoadedEditorAssemblies (5ms)
			BeforeProcessingInitializeOnLoad (93ms)
			ProcessInitializeOnLoadAttributes (346ms)
			ProcessInitializeOnLoadMethodAttributes (26ms)
			AfterProcessingInitializeOnLoad (6ms)
			EditorAssembliesLoaded (0ms)
		ExecutionOrderSort2 (0ms)
		AwakeInstancesAfterBackupRestoration (8ms)
Refreshing native plugins compatible for Editor in 3.41 ms, found 3 plugins.
Preloading 0 native plugins for Editor in 0.00 ms.
Unloading 3105 Unused Serialized files (Serialized files now loaded: 0)
Unloading 21 unused Assets / (30.5 KB). Loaded Objects now: 3684.
Memory consumption went from 124.1 MB to 124.1 MB.
Total: 6.885600 ms (FindLiveObjects: 0.675700 ms CreateObjectMapping: 0.433400 ms MarkObjects: 5.699300 ms  DeleteObjects: 0.074700 ms)

Prepare: number of updated asset objects reloaded= 0
AssetImportParameters requested are different than current active one (requested -> active):
  custom:video-decoder-webm-vp8: 9c59270c3fd7afecdb556c50c9e8de78 -> 
  custom:SearchIndexIgnoredProperties: e643bd26f0fe6173181afceb89e7c659 -> 
  custom:audio-encoder-webm-vorbis: bf7c407c2cedff20999df2af8eb42d56 -> 
  custom:AudioImporter_EditorPlatform: d09bf68614088b80899f8185d706f6e7 -> 
  custom:audio-decoder-ogg-vorbis: bf7c407c2cedff20999df2af8eb42d56 -> 
  custom:video-encoder-webm-vp8: eb34c28f22e8b96e1ab97ce403110664 -> 
  custom:container-demuxer-ogg: 62fdf1f143b41e24485cea50d1cbac27 -> 
  custom:framework-win-MediaFoundation: 216162199b28c13a410421893ffa2e32 -> 
  custom:video-decoder-ogg-theora: a1e56fd34408186e4bbccfd4996cb3dc -> 
  custom:container-muxer-webm: aa71ff27fc2769a1b78a27578f13a17b -> 
  custom:video-codec-MediaFoundation-h265: 746d11721c4dcdbdad8f713fa42b33f4 -> 
  custom:CustomObjectIndexerAttribute: 756ad292c208cfabdd7b50bc23989ffe -> 
  custom:container-demuxer-webm: 4f35f7cbe854078d1ac9338744f61a02 -> 
Editor requested this worker to shutdown with reason: Scaling down because of idle timeout
AssetImportWorkerClient::OnTransportError - code=2 error=End of file
AssetImportWorker is now disconnected from the server
Process exiting
Exiting without the bug reporter. Application will terminate with return code 0