Using pre-set license
Built from '2023.1/staging' branch; Version is '2023.1.9f1 (f3f94c8cdc49) revision 15989068'; Using compiler version '192829333'; Build Type 'Release'
OS: 'Windows 11  (10.0.22621) 64bit Professional' Language: 'ru' Physical Memory: 16303 MB
BatchMode: 1, IsHumanControllingUs: 0, StartBugReporterOnCrash: 0, Is64bit: 1, IsPro: 1

COMMAND LINE ARGUMENTS:
C:\Program Files\Unity\Hub\Editor\2023.1.9f1\Editor\Unity.exe
-adb2
-batchMode
-noUpm
-name
AssetImportWorker0
-projectPath
C:/Users/pepe1/OneDrive/Рабочий стол/TreasureIsland/TreasureIsland
-logFile
Logs/AssetImportWorker0.log
-srvPort
60452
Successfully changed project path to: C:/Users/pepe1/OneDrive/Рабочий стол/TreasureIsland/TreasureIsland
C:/Users/pepe1/OneDrive/Рабочий стол/TreasureIsland/TreasureIsland
[UnityMemory] Configuration Parameters - Can be set up in boot.config
    "memorysetup-bucket-allocator-granularity=16"
    "memorysetup-bucket-allocator-bucket-count=8"
    "memorysetup-bucket-allocator-block-size=33554432"
    "memorysetup-bucket-allocator-block-count=8"
    "memorysetup-main-allocator-block-size=16777216"
    "memorysetup-thread-allocator-block-size=16777216"
    "memorysetup-gfx-main-allocator-block-size=16777216"
    "memorysetup-gfx-thread-allocator-block-size=16777216"
    "memorysetup-cache-allocator-block-size=4194304"
    "memorysetup-typetree-allocator-block-size=2097152"
    "memorysetup-profiler-bucket-allocator-granularity=16"
    "memorysetup-profiler-bucket-allocator-bucket-count=8"
    "memorysetup-profiler-bucket-allocator-block-size=33554432"
    "memorysetup-profiler-bucket-allocator-block-count=8"
    "memorysetup-profiler-allocator-block-size=16777216"
    "memorysetup-profiler-editor-allocator-block-size=1048576"
    "memorysetup-temp-allocator-size-main=16777216"
    "memorysetup-job-temp-allocator-block-size=2097152"
    "memorysetup-job-temp-allocator-block-size-background=1048576"
    "memorysetup-job-temp-allocator-reduction-small-platforms=262144"
    "memorysetup-allocator-temp-initial-block-size-main=262144"
    "memorysetup-allocator-temp-initial-block-size-worker=262144"
    "memorysetup-temp-allocator-size-background-worker=32768"
    "memorysetup-temp-allocator-size-job-worker=262144"
    "memorysetup-temp-allocator-size-preload-manager=33554432"
    "memorysetup-temp-allocator-size-nav-mesh-worker=65536"
    "memorysetup-temp-allocator-size-audio-worker=65536"
    "memorysetup-temp-allocator-size-cloud-worker=32768"
    "memorysetup-temp-allocator-size-gi-baking-worker=262144"
    "memorysetup-temp-allocator-size-gfx=262144"
Player connection [70944] Host "[IP] 192.168.0.12 [Port] 0 [Flags] 2 [Guid] 2641861550 [EditorId] 2641861550 [Version] 1048832 [Id] WindowsEditor(7,PC) [Debug] 1 [PackageName] WindowsEditor [ProjectName] Editor" joined multi-casting on [225.0.0.222:54997]...

Player connection [70944] Host "[IP] 192.168.0.12 [Port] 0 [Flags] 2 [Guid] 2641861550 [EditorId] 2641861550 [Version] 1048832 [Id] WindowsEditor(7,PC) [Debug] 1 [PackageName] WindowsEditor [ProjectName] Editor" joined alternative multi-casting on [225.0.0.222:34997]...

[Physics::Module] Initialized MultithreadedJobDispatcher with 11 workers.
Library Redirect Path: Library/Refreshing native plugins compatible for Editor in 13.71 ms, found 3 plugins.
Preloading 0 native plugins for Editor in 0.00 ms.
Initialize engine version: 2023.1.9f1 (f3f94c8cdc49)
[Subsystems] Discovering subsystems at path C:/Program Files/Unity/Hub/Editor/2023.1.9f1/Editor/Data/Resources/UnitySubsystems
[Subsystems] Discovering subsystems at path C:/Users/pepe1/OneDrive/Рабочий стол/TreasureIsland/TreasureIsland/Assets
GfxDevice: creating device client; threaded=0; jobified=0
Direct3D:
    Version:  Direct3D 11.0 [level 11.1]
    Renderer: NVIDIA GeForce RTX 3060 Ti (ID=0x2486)
    Vendor:   NVIDIA
    VRAM:     8038 MB
    Driver:   31.0.15.4617
Initialize mono
Mono path[0] = 'C:/Program Files/Unity/Hub/Editor/2023.1.9f1/Editor/Data/Managed'
Mono path[1] = 'C:/Program Files/Unity/Hub/Editor/2023.1.9f1/Editor/Data/MonoBleedingEdge/lib/mono/unityjit-win32'
Mono config path = 'C:/Program Files/Unity/Hub/Editor/2023.1.9f1/Editor/Data/MonoBleedingEdge/etc'
Using monoOptions --debugger-agent=transport=dt_socket,embedding=1,server=y,suspend=n,address=127.0.0.1:56488
Begin MonoManager ReloadAssembly
C:\build\output\Unity-Technologies\mono\mono\metadata\icall.c:1842:
C:\build\output\Unity-Technologies\mono\mono\metadata\icall.c:1842:
C:\build\output\Unity-Technologies\mono\mono\metadata\icall.c:1842:
C:\build\output\Unity-Technologies\mono\mono\metadata\icall.c:1842:
C:\build\output\Unity-Technologies\mono\mono\metadata\icall.c:1842:
C:\build\output\Unity-Technologies\mono\mono\metadata\icall.c:1842:
C:\build\output\Unity-Technologies\mono\mono\metadata\icall.c:1842:
C:\build\output\Unity-Technologies\mono\mono\metadata\icall.c:1842:
C:\build\output\Unity-Technologies\mono\mono\metadata\icall.c:1842:
C:\build\output\Unity-Technologies\mono\mono\metadata\icall.c:1842:
Registering precompiled unity dll's ...
Register platform support module: C:/Program Files/Unity/Hub/Editor/2023.1.9f1/Editor/Data/PlaybackEngines/WebGLSupport/UnityEditor.WebGL.Extensions.dll
Register platform support module: C:/Program Files/Unity/Hub/Editor/2023.1.9f1/Editor/Data/PlaybackEngines/WindowsStandaloneSupport/UnityEditor.WindowsStandalone.Extensions.dll
Register platform support module: C:/Program Files/Unity/Hub/Editor/2023.1.9f1/Editor/Data/PlaybackEngines/AndroidPlayer/UnityEditor.Android.Extensions.dll
Register platform support module: C:/Program Files/Unity/Hub/Editor/2023.1.9f1/Editor/Data/PlaybackEngines/iOSSupport/UnityEditor.iOS.Extensions.dll
Registered in 0.012973 seconds.
- Loaded All Assemblies, in  0.604 seconds
[usbmuxd] Start listen thread
[usbmuxd] Listen thread started
Native extension for iOS target not found
Native extension for Android target not found
Android Extension - Scanning For ADB Devices 453 ms
Native extension for WindowsStandalone target not found
Native extension for WebGL target not found
Mono: successfully reloaded assembly
C:\build\output\Unity-Technologies\mono\mono\metadata\icall.c:1842:
C:\build\output\Unity-Technologies\mono\mono\metadata\icall.c:1842:
- Finished resetting the current domain, in  1.027 seconds
Domain Reload Profiling: 1630ms
	BeginReloadAssembly (225ms)
		ExecutionOrderSort (0ms)
		DisableScriptedObjects (0ms)
		BackupInstance (0ms)
		ReleaseScriptingObjects (0ms)
		CreateAndSetChildDomain (1ms)
	RebuildCommonClasses (45ms)
	RebuildNativeTypeToScriptingClass (17ms)
	initialDomainReloadingComplete (79ms)
	LoadAllAssembliesAndSetupDomain (237ms)
		LoadAssemblies (218ms)
		RebuildTransferFunctionScriptingTraits (0ms)
		AnalyzeDomain (230ms)
			TypeCache.Refresh (228ms)
				TypeCache.ScanAssembly (211ms)
			ScanForSourceGeneratedMonoScriptInfo (1ms)
			ResolveRequiredComponents (1ms)
	FinalizeReload (1028ms)
		ReleaseScriptCaches (0ms)
		RebuildScriptCaches (0ms)
		SetupLoadedEditorAssemblies (950ms)
			LogAssemblyErrors (0ms)
			InitializePlatformSupportModulesInManaged (612ms)
			SetLoadedEditorAssemblies (5ms)
			BeforeProcessingInitializeOnLoad (11ms)
			ProcessInitializeOnLoadAttributes (216ms)
			ProcessInitializeOnLoadMethodAttributes (106ms)
			AfterProcessingInitializeOnLoad (0ms)
			EditorAssembliesLoaded (0ms)
		ExecutionOrderSort2 (0ms)
		AwakeInstancesAfterBackupRestoration (0ms)
========================================================================
Worker process is ready to serve import requests
Import Worker Mode flag is 0x00
Begin MonoManager ReloadAssembly
C:\build\output\Unity-Technologies\mono\mono\metadata\icall.c:1842:
C:\build\output\Unity-Technologies\mono\mono\metadata\icall.c:1842:
C:\build\output\Unity-Technologies\mono\mono\metadata\icall.c:1842:
C:\build\output\Unity-Technologies\mono\mono\metadata\icall.c:1842:
C:\build\output\Unity-Technologies\mono\mono\metadata\icall.c:1842:
C:\build\output\Unity-Technologies\mono\mono\metadata\icall.c:1842:
C:\build\output\Unity-Technologies\mono\mono\metadata\icall.c:1842:
C:\build\output\Unity-Technologies\mono\mono\metadata\icall.c:1842:
C:\build\output\Unity-Technologies\mono\mono\metadata\icall.c:1842:
C:\build\output\Unity-Technologies\mono\mono\metadata\icall.c:1842:
C:\build\output\Unity-Technologies\mono\mono\metadata\icall.c:1842:
C:\build\output\Unity-Technologies\mono\mono\metadata\icall.c:1842:
Symbol file LoadedFromMemory doesn't match image C:\Users\pepe1\OneDrive\Рабочий стол\TreasureIsland\TreasureIsland\Library\PackageCache\com.unity.visualscripting@1.8.0\Editor\VisualScripting.Core\Dependencies\YamlDotNet\Unity.VisualScripting.YamlDotNet.dll
Symbol file LoadedFromMemory doesn't match image C:\Users\pepe1\OneDrive\Рабочий стол\TreasureIsland\TreasureIsland\Library\PackageCache\com.unity.visualscripting@1.8.0\Editor\VisualScripting.Core\Dependencies\DotNetZip\Unity.VisualScripting.IonicZip.dll
- Loaded All Assemblies, in  1.255 seconds
Refreshing native plugins compatible for Editor in 2.66 ms, found 3 plugins.
Native extension for iOS target not found
Native extension for Android target not found
Native extension for WindowsStandalone target not found
Native extension for WebGL target not found
Mono: successfully reloaded assembly
- Finished resetting the current domain, in  0.804 seconds
Domain Reload Profiling: 2057ms
	BeginReloadAssembly (373ms)
		ExecutionOrderSort (0ms)
		DisableScriptedObjects (9ms)
		BackupInstance (0ms)
		ReleaseScriptingObjects (0ms)
		CreateAndSetChildDomain (39ms)
	RebuildCommonClasses (53ms)
	RebuildNativeTypeToScriptingClass (15ms)
	initialDomainReloadingComplete (44ms)
	LoadAllAssembliesAndSetupDomain (768ms)
		LoadAssemblies (474ms)
		RebuildTransferFunctionScriptingTraits (0ms)
		AnalyzeDomain (413ms)
			TypeCache.Refresh (390ms)
				TypeCache.ScanAssembly (370ms)
			ScanForSourceGeneratedMonoScriptInfo (17ms)
			ResolveRequiredComponents (6ms)
	FinalizeReload (804ms)
		ReleaseScriptCaches (0ms)
		RebuildScriptCaches (0ms)
		SetupLoadedEditorAssemblies (534ms)
			LogAssemblyErrors (0ms)
			InitializePlatformSupportModulesInManaged (38ms)
			SetLoadedEditorAssemblies (5ms)
			BeforeProcessingInitializeOnLoad (90ms)
			ProcessInitializeOnLoadAttributes (369ms)
			ProcessInitializeOnLoadMethodAttributes (27ms)
			AfterProcessingInitializeOnLoad (4ms)
			EditorAssembliesLoaded (0ms)
		ExecutionOrderSort2 (0ms)
		AwakeInstancesAfterBackupRestoration (7ms)
Launched and connected shader compiler UnityShaderCompiler.exe after 0.01 seconds
Refreshing native plugins compatible for Editor in 5.92 ms, found 3 plugins.
Preloading 0 native plugins for Editor in 0.00 ms.
Unloading 3127 Unused Serialized files (Serialized files now loaded: 0)
Unloading 31 unused Assets / (52.6 KB). Loaded Objects now: 3676.
Memory consumption went from 129.3 MB to 129.2 MB.
Total: 10.614400 ms (FindLiveObjects: 0.532800 ms CreateObjectMapping: 0.443100 ms MarkObjects: 9.474900 ms  DeleteObjects: 0.161500 ms)

AssetImportParameters requested are different than current active one (requested -> active):
  custom:video-decoder-webm-vp8: 9c59270c3fd7afecdb556c50c9e8de78 -> 
  custom:SearchIndexIgnoredProperties: e643bd26f0fe6173181afceb89e7c659 -> 
  custom:audio-encoder-webm-vorbis: bf7c407c2cedff20999df2af8eb42d56 -> 
  custom:AudioImporter_EditorPlatform: d09bf68614088b80899f8185d706f6e7 -> 
  custom:audio-decoder-ogg-vorbis: bf7c407c2cedff20999df2af8eb42d56 -> 
  custom:video-encoder-webm-vp8: eb34c28f22e8b96e1ab97ce403110664 -> 
  custom:container-demuxer-ogg: 62fdf1f143b41e24485cea50d1cbac27 -> 
  custom:framework-win-MediaFoundation: 216162199b28c13a410421893ffa2e32 -> 
  custom:video-decoder-ogg-theora: a1e56fd34408186e4bbccfd4996cb3dc -> 
  custom:container-muxer-webm: aa71ff27fc2769a1b78a27578f13a17b -> 
  custom:video-codec-MediaFoundation-h265: 746d11721c4dcdbdad8f713fa42b33f4 -> 
  custom:CustomObjectIndexerAttribute: 756ad292c208cfabdd7b50bc23989ffe -> 
  custom:container-demuxer-webm: 4f35f7cbe854078d1ac9338744f61a02 -> 
========================================================================
Received Import Request.
  Time since last request: 562447.642464 seconds.
  path: Assets/OceanMap/Icons/Icon25.png
  artifactKey: Guid(aedd76b60007edb4ab80b0c50560e778) Importer(815301076,1909f56bfc062723c751e8b465ee728b)
Start importing Assets/OceanMap/Icons/Icon25.png using Guid(aedd76b60007edb4ab80b0c50560e778) Importer(815301076,1909f56bfc062723c751e8b465ee728b)  -> (artifact id: '9bbd907e88f466946cce721c7166329f') in 0.204564 seconds
Number of updated asset objects reloaded before import = 0
Number of asset objects unloaded after import = 2
========================================================================
Received Import Request.
  Time since last request: 0.000023 seconds.
  path: Assets/OceanMap/Icons/Icon35.png
  artifactKey: Guid(fb1d93d850c65984a810f631496c5aaf) Importer(815301076,1909f56bfc062723c751e8b465ee728b)
Start importing Assets/OceanMap/Icons/Icon35.png using Guid(fb1d93d850c65984a810f631496c5aaf) Importer(815301076,1909f56bfc062723c751e8b465ee728b)  -> (artifact id: 'e4257ba311558c47fb75b3f514e85f14') in 0.011597 seconds
Number of updated asset objects reloaded before import = 0
Number of asset objects unloaded after import = 2
========================================================================
Received Import Request.
  Time since last request: 0.000040 seconds.
  path: Assets/OceanMap/Icons/Icon3.png
  artifactKey: Guid(66ce53aead01be24597109cbef600d7a) Importer(815301076,1909f56bfc062723c751e8b465ee728b)
Start importing Assets/OceanMap/Icons/Icon3.png using Guid(66ce53aead01be24597109cbef600d7a) Importer(815301076,1909f56bfc062723c751e8b465ee728b)  -> (artifact id: '1b59c8c4b5ec23d2a9c1c054a240c2c5') in 0.010370 seconds
Number of updated asset objects reloaded before import = 0
Number of asset objects unloaded after import = 2
========================================================================
Received Import Request.
  Time since last request: 0.000031 seconds.
  path: Assets/OceanMap/Icons/Icon19.png
  artifactKey: Guid(ffae303913cba4040bff5128046ad23c) Importer(815301076,1909f56bfc062723c751e8b465ee728b)
Start importing Assets/OceanMap/Icons/Icon19.png using Guid(ffae303913cba4040bff5128046ad23c) Importer(815301076,1909f56bfc062723c751e8b465ee728b)  -> (artifact id: '535cc107e61bc8adb88b38e6f6ce9b18') in 0.018092 seconds
Number of updated asset objects reloaded before import = 0
Number of asset objects unloaded after import = 2
========================================================================
Received Import Request.
  Time since last request: 0.000027 seconds.
  path: Assets/OceanMap/Icons/Icon39.png
  artifactKey: Guid(50edaaee9bed7914cac3227ea1c6da00) Importer(815301076,1909f56bfc062723c751e8b465ee728b)
Start importing Assets/OceanMap/Icons/Icon39.png using Guid(50edaaee9bed7914cac3227ea1c6da00) Importer(815301076,1909f56bfc062723c751e8b465ee728b)  -> (artifact id: '92260c3e2f2bd9aab6fd8824603f548c') in 0.012072 seconds
Number of updated asset objects reloaded before import = 0
Number of asset objects unloaded after import = 2
========================================================================
Received Import Request.
  Time since last request: 0.000364 seconds.
  path: Assets/OceanMap/Icons/Icon7.png
  artifactKey: Guid(21f25fb21b922c2498f90d6418c8c1b3) Importer(815301076,1909f56bfc062723c751e8b465ee728b)
Start importing Assets/OceanMap/Icons/Icon7.png using Guid(21f25fb21b922c2498f90d6418c8c1b3) Importer(815301076,1909f56bfc062723c751e8b465ee728b)  -> (artifact id: 'e8fe026654e21c1f419aaa0bc90c094e') in 0.017860 seconds
Number of updated asset objects reloaded before import = 0
Number of asset objects unloaded after import = 2
========================================================================
Received Import Request.
  Time since last request: 0.000024 seconds.
  path: Assets/OceanMap/Icons/Icon30.png
  artifactKey: Guid(dd8b16b76c1b9794f93b7e50c44d2fb6) Importer(815301076,1909f56bfc062723c751e8b465ee728b)
Start importing Assets/OceanMap/Icons/Icon30.png using Guid(dd8b16b76c1b9794f93b7e50c44d2fb6) Importer(815301076,1909f56bfc062723c751e8b465ee728b)  -> (artifact id: '948b4e199659af25cc985f149e0f091c') in 0.015488 seconds
Number of updated asset objects reloaded before import = 0
Number of asset objects unloaded after import = 2
========================================================================
Received Import Request.
  Time since last request: 0.000022 seconds.
  path: Assets/OceanMap/Icons/Icon42.png
  artifactKey: Guid(e60e282c886f0954f842fa12c3d363da) Importer(815301076,1909f56bfc062723c751e8b465ee728b)
Start importing Assets/OceanMap/Icons/Icon42.png using Guid(e60e282c886f0954f842fa12c3d363da) Importer(815301076,1909f56bfc062723c751e8b465ee728b)  -> (artifact id: 'a3fb3e56e8157cf3ab5db5ac9563026e') in 0.021547 seconds
Number of updated asset objects reloaded before import = 0
Number of asset objects unloaded after import = 2
========================================================================
Received Import Request.
  Time since last request: 0.000023 seconds.
  path: Assets/OceanMap/Icons/Icon8.png
  artifactKey: Guid(67a5ae18052160648b30891d9185b967) Importer(815301076,1909f56bfc062723c751e8b465ee728b)
Start importing Assets/OceanMap/Icons/Icon8.png using Guid(67a5ae18052160648b30891d9185b967) Importer(815301076,1909f56bfc062723c751e8b465ee728b)  -> (artifact id: 'e931697a6c426c30fefe2ef5adcc7e03') in 0.043432 seconds
Number of updated asset objects reloaded before import = 0
Number of asset objects unloaded after import = 2
========================================================================
Received Import Request.
  Time since last request: 0.000025 seconds.
  path: Assets/OceanMap/Icons/Icon9.png
  artifactKey: Guid(b293a56a6ef557e43ad9e1080e815321) Importer(815301076,1909f56bfc062723c751e8b465ee728b)
Start importing Assets/OceanMap/Icons/Icon9.png using Guid(b293a56a6ef557e43ad9e1080e815321) Importer(815301076,1909f56bfc062723c751e8b465ee728b)  -> (artifact id: 'cfe135db0da15f9e429f0fecb9b41f5a') in 0.017549 seconds
Number of updated asset objects reloaded before import = 0
Number of asset objects unloaded after import = 2
========================================================================
Received Import Request.
  Time since last request: 0.000055 seconds.
  path: Assets/OceanMap/Icons/Icon10.png
  artifactKey: Guid(a3146d3619c258143850fd7510fb40fc) Importer(815301076,1909f56bfc062723c751e8b465ee728b)
Start importing Assets/OceanMap/Icons/Icon10.png using Guid(a3146d3619c258143850fd7510fb40fc) Importer(815301076,1909f56bfc062723c751e8b465ee728b)  -> (artifact id: 'd9206a34478e7a6a53771fe68a887890') in 0.008133 seconds
Number of updated asset objects reloaded before import = 0
Number of asset objects unloaded after import = 2
========================================================================
Received Import Request.
  Time since last request: 0.000063 seconds.
  path: Assets/OceanMap/Icons/Icon22.png
  artifactKey: Guid(36a1916cb5af5fd429877cd073032fcc) Importer(815301076,1909f56bfc062723c751e8b465ee728b)
Start importing Assets/OceanMap/Icons/Icon22.png using Guid(36a1916cb5af5fd429877cd073032fcc) Importer(815301076,1909f56bfc062723c751e8b465ee728b)  -> (artifact id: '8c852417de4a90386b4b93ddc93928f5') in 0.006987 seconds
Number of updated asset objects reloaded before import = 0
Number of asset objects unloaded after import = 2
========================================================================
Received Import Request.
  Time since last request: 0.000017 seconds.
  path: Assets/OceanMap/Icons/Icon40.png
  artifactKey: Guid(0a62537bcff038f4897ed03ee8cf9d8c) Importer(815301076,1909f56bfc062723c751e8b465ee728b)
Start importing Assets/OceanMap/Icons/Icon40.png using Guid(0a62537bcff038f4897ed03ee8cf9d8c) Importer(815301076,1909f56bfc062723c751e8b465ee728b)  -> (artifact id: 'ed54e10c9ecf630525a025ecc8840161') in 0.006957 seconds
Number of updated asset objects reloaded before import = 0
Number of asset objects unloaded after import = 2
========================================================================
Received Import Request.
  Time since last request: 0.000022 seconds.
  path: Assets/OceanMap/Icons/Icon44.png
  artifactKey: Guid(0a58116669363d14ebb06ff27461fff9) Importer(815301076,1909f56bfc062723c751e8b465ee728b)
Start importing Assets/OceanMap/Icons/Icon44.png using Guid(0a58116669363d14ebb06ff27461fff9) Importer(815301076,1909f56bfc062723c751e8b465ee728b)  -> (artifact id: '4050775cff813a834520532bed2a2f30') in 0.006804 seconds
Number of updated asset objects reloaded before import = 0
Number of asset objects unloaded after import = 2
========================================================================
Received Import Request.
  Time since last request: 0.000073 seconds.
  path: Assets/OceanMap/Icons/Icon37.png
  artifactKey: Guid(7d10541613ed97f47a2d8c9b2cd2093b) Importer(815301076,1909f56bfc062723c751e8b465ee728b)
Start importing Assets/OceanMap/Icons/Icon37.png using Guid(7d10541613ed97f47a2d8c9b2cd2093b) Importer(815301076,1909f56bfc062723c751e8b465ee728b)  -> (artifact id: '045e2bfe01d961f53d70ed51c4181311') in 0.006766 seconds
Number of updated asset objects reloaded before import = 0
Number of asset objects unloaded after import = 2
========================================================================
Received Import Request.
  Time since last request: 0.000033 seconds.
  path: Assets/OceanMap/Icons/Icon18.png
  artifactKey: Guid(35d889ad626c4e74f93c07db4795565b) Importer(815301076,1909f56bfc062723c751e8b465ee728b)
Start importing Assets/OceanMap/Icons/Icon18.png using Guid(35d889ad626c4e74f93c07db4795565b) Importer(815301076,1909f56bfc062723c751e8b465ee728b)  -> (artifact id: 'c57eec35cd96ed0901f5f9e0f63287d5') in 0.005796 seconds
Number of updated asset objects reloaded before import = 0
Number of asset objects unloaded after import = 2
========================================================================
Received Import Request.
  Time since last request: 0.000060 seconds.
  path: Assets/OceanMap/Icons/Icon41.png
  artifactKey: Guid(d8494c2b77bee994082bb658cc5bb836) Importer(815301076,1909f56bfc062723c751e8b465ee728b)
Start importing Assets/OceanMap/Icons/Icon41.png using Guid(d8494c2b77bee994082bb658cc5bb836) Importer(815301076,1909f56bfc062723c751e8b465ee728b)  -> (artifact id: 'df87e9d765a5559853c9e4cd6d33f6a7') in 0.005913 seconds
Number of updated asset objects reloaded before import = 0
Number of asset objects unloaded after import = 2
========================================================================
Received Import Request.
  Time since last request: 9.989403 seconds.
  path: Assets/OceanMap/Icons/Icon2.png
  artifactKey: Guid(439562d28839d624c9a933137883bf42) Importer(815301076,1909f56bfc062723c751e8b465ee728b)
Start importing Assets/OceanMap/Icons/Icon2.png using Guid(439562d28839d624c9a933137883bf42) Importer(815301076,1909f56bfc062723c751e8b465ee728b)  -> (artifact id: '008fcf0e8a858a33169696241dfd618b') in 0.015053 seconds
Number of updated asset objects reloaded before import = 0
Number of asset objects unloaded after import = 2
========================================================================
Received Import Request.
  Time since last request: 0.000022 seconds.
  path: Assets/OceanMap/Icons/Icon25.png
  artifactKey: Guid(aedd76b60007edb4ab80b0c50560e778) Importer(815301076,1909f56bfc062723c751e8b465ee728b)
Start importing Assets/OceanMap/Icons/Icon25.png using Guid(aedd76b60007edb4ab80b0c50560e778) Importer(815301076,1909f56bfc062723c751e8b465ee728b)  -> (artifact id: '84020c85031296039036a32abffebac6') in 0.021514 seconds
Number of updated asset objects reloaded before import = 0
Number of asset objects unloaded after import = 2
========================================================================
Received Import Request.
  Time since last request: 0.000032 seconds.
  path: Assets/OceanMap/Icons/Icon35.png
  artifactKey: Guid(fb1d93d850c65984a810f631496c5aaf) Importer(815301076,1909f56bfc062723c751e8b465ee728b)
Start importing Assets/OceanMap/Icons/Icon35.png using Guid(fb1d93d850c65984a810f631496c5aaf) Importer(815301076,1909f56bfc062723c751e8b465ee728b)  -> (artifact id: '4cf4e66eac8a71d3034ee39f2d89cbce') in 0.042349 seconds
Number of updated asset objects reloaded before import = 0
Number of asset objects unloaded after import = 2
========================================================================
Received Import Request.
  Time since last request: 0.000028 seconds.
  path: Assets/OceanMap/Icons/Icon12.png
  artifactKey: Guid(ab4dd10067bd39347bc30dab9a4420d2) Importer(815301076,1909f56bfc062723c751e8b465ee728b)
Start importing Assets/OceanMap/Icons/Icon12.png using Guid(ab4dd10067bd39347bc30dab9a4420d2) Importer(815301076,1909f56bfc062723c751e8b465ee728b)  -> (artifact id: '33ccfb18e86be47bd5e9117410578136') in 0.027934 seconds
Number of updated asset objects reloaded before import = 0
Number of asset objects unloaded after import = 2
========================================================================
Received Import Request.
  Time since last request: 0.000058 seconds.
  path: Assets/OceanMap/Icons/Icon13.png
  artifactKey: Guid(87caab1a0a6f4404b8a745e01208cab6) Importer(815301076,1909f56bfc062723c751e8b465ee728b)
Start importing Assets/OceanMap/Icons/Icon13.png using Guid(87caab1a0a6f4404b8a745e01208cab6) Importer(815301076,1909f56bfc062723c751e8b465ee728b)  -> (artifact id: '3e2659799a33d8370a1c19650e98d953') in 0.027166 seconds
Number of updated asset objects reloaded before import = 0
Number of asset objects unloaded after import = 2
========================================================================
Received Import Request.
  Time since last request: 0.000023 seconds.
  path: Assets/OceanMap/Icons/Icon46.png
  artifactKey: Guid(895e257d6d4cd53459a8c1881cafb34b) Importer(815301076,1909f56bfc062723c751e8b465ee728b)
Start importing Assets/OceanMap/Icons/Icon46.png using Guid(895e257d6d4cd53459a8c1881cafb34b) Importer(815301076,1909f56bfc062723c751e8b465ee728b)  -> (artifact id: '859722c0f213b31253033de5e9ae3dbe') in 0.013647 seconds
Number of updated asset objects reloaded before import = 0
Number of asset objects unloaded after import = 2
========================================================================
Received Import Request.
  Time since last request: 0.000037 seconds.
  path: Assets/OceanMap/Icons/Icon16.png
  artifactKey: Guid(d679ad8c799f1fb45936950d41691627) Importer(815301076,1909f56bfc062723c751e8b465ee728b)
Start importing Assets/OceanMap/Icons/Icon16.png using Guid(d679ad8c799f1fb45936950d41691627) Importer(815301076,1909f56bfc062723c751e8b465ee728b)  -> (artifact id: 'a941f9fbc2dc4b738e7c1021ec818961') in 0.018416 seconds
Number of updated asset objects reloaded before import = 0
Number of asset objects unloaded after import = 2
========================================================================
Received Import Request.
  Time since last request: 0.000084 seconds.
  path: Assets/OceanMap/Icons/Icon27.png
  artifactKey: Guid(c12af999e646cef4689a5c6384a86e19) Importer(815301076,1909f56bfc062723c751e8b465ee728b)
Start importing Assets/OceanMap/Icons/Icon27.png using Guid(c12af999e646cef4689a5c6384a86e19) Importer(815301076,1909f56bfc062723c751e8b465ee728b)  -> (artifact id: 'd13d911a0f05b142c2071e4c2f023522') in 0.012905 seconds
Number of updated asset objects reloaded before import = 0
Number of asset objects unloaded after import = 2
========================================================================
Received Import Request.
  Time since last request: 0.000029 seconds.
  path: Assets/OceanMap/Icons/Icon17.png
  artifactKey: Guid(72aa7d092ad5a1a46b3a7d9da013ce94) Importer(815301076,1909f56bfc062723c751e8b465ee728b)
Start importing Assets/OceanMap/Icons/Icon17.png using Guid(72aa7d092ad5a1a46b3a7d9da013ce94) Importer(815301076,1909f56bfc062723c751e8b465ee728b)  -> (artifact id: 'd593c4d6893c95bad1f45b08e5fc625f') in 0.011262 seconds
Number of updated asset objects reloaded before import = 0
Number of asset objects unloaded after import = 2
========================================================================
Received Import Request.
  Time since last request: 0.000053 seconds.
  path: Assets/OceanMap/Icons/Icon48.png
  artifactKey: Guid(826db7b92399b57468c7335b0da748a9) Importer(815301076,1909f56bfc062723c751e8b465ee728b)
Start importing Assets/OceanMap/Icons/Icon48.png using Guid(826db7b92399b57468c7335b0da748a9) Importer(815301076,1909f56bfc062723c751e8b465ee728b)  -> (artifact id: '06f17c3dda5575401ac4e88ed62f1dc8') in 0.010754 seconds
Number of updated asset objects reloaded before import = 0
Number of asset objects unloaded after import = 2
========================================================================
Received Import Request.
  Time since last request: 0.000037 seconds.
  path: Assets/OceanMap/Icons/Icon21.png
  artifactKey: Guid(a3b4f8ced38db2d49b74627e5d1745f0) Importer(815301076,1909f56bfc062723c751e8b465ee728b)
Start importing Assets/OceanMap/Icons/Icon21.png using Guid(a3b4f8ced38db2d49b74627e5d1745f0) Importer(815301076,1909f56bfc062723c751e8b465ee728b)  -> (artifact id: 'c837b22b341ef3099ed0d0bd89a39fa5') in 0.010870 seconds
Number of updated asset objects reloaded before import = 0
Number of asset objects unloaded after import = 2
========================================================================
Received Import Request.
  Time since last request: 0.000034 seconds.
  path: Assets/OceanMap/Icons/Icon23.png
  artifactKey: Guid(6d81f52d525ecf646ab918101b21f3dc) Importer(815301076,1909f56bfc062723c751e8b465ee728b)
Start importing Assets/OceanMap/Icons/Icon23.png using Guid(6d81f52d525ecf646ab918101b21f3dc) Importer(815301076,1909f56bfc062723c751e8b465ee728b)  -> (artifact id: '168c27516eddd680bfa5f114bbe9f573') in 0.011456 seconds
Number of updated asset objects reloaded before import = 0
Number of asset objects unloaded after import = 2
========================================================================
Received Import Request.
  Time since last request: 0.000052 seconds.
  path: Assets/OceanMap/Icons/Icon24.png
  artifactKey: Guid(fced2683a196e184988464986e99c369) Importer(815301076,1909f56bfc062723c751e8b465ee728b)
Start importing Assets/OceanMap/Icons/Icon24.png using Guid(fced2683a196e184988464986e99c369) Importer(815301076,1909f56bfc062723c751e8b465ee728b)  -> (artifact id: '164f258a0fa512f3e7d0d2fc786fcc99') in 0.009896 seconds
Number of updated asset objects reloaded before import = 0
Number of asset objects unloaded after import = 2
========================================================================
Received Import Request.
  Time since last request: 0.000047 seconds.
  path: Assets/OceanMap/Icons/Icon44.png
  artifactKey: Guid(0a58116669363d14ebb06ff27461fff9) Importer(815301076,1909f56bfc062723c751e8b465ee728b)
Start importing Assets/OceanMap/Icons/Icon44.png using Guid(0a58116669363d14ebb06ff27461fff9) Importer(815301076,1909f56bfc062723c751e8b465ee728b)  -> (artifact id: 'e37f0c9cd0041cbf9d91f306a62b7a36') in 0.009702 seconds
Number of updated asset objects reloaded before import = 0
Number of asset objects unloaded after import = 2
========================================================================
Received Import Request.
  Time since last request: 0.000055 seconds.
  path: Assets/OceanMap/Icons/Icon33.png
  artifactKey: Guid(607877f9ad9804348831a0249356057f) Importer(815301076,1909f56bfc062723c751e8b465ee728b)
Start importing Assets/OceanMap/Icons/Icon33.png using Guid(607877f9ad9804348831a0249356057f) Importer(815301076,1909f56bfc062723c751e8b465ee728b)  -> (artifact id: '98f9d318077dc10a5521ba8e27f653ec') in 0.009674 seconds
Number of updated asset objects reloaded before import = 0
Number of asset objects unloaded after import = 2
========================================================================
Received Import Request.
  Time since last request: 0.000047 seconds.
  path: Assets/OceanMap/Icons/Icon18.png
  artifactKey: Guid(35d889ad626c4e74f93c07db4795565b) Importer(815301076,1909f56bfc062723c751e8b465ee728b)
Start importing Assets/OceanMap/Icons/Icon18.png using Guid(35d889ad626c4e74f93c07db4795565b) Importer(815301076,1909f56bfc062723c751e8b465ee728b)  -> (artifact id: '55fd047be302dd8d23836cb130005b23') in 0.010519 seconds
Number of updated asset objects reloaded before import = 0
Number of asset objects unloaded after import = 2
Editor requested this worker to shutdown with reason: Scaling down because of idle timeout
AssetImportWorker is now disconnected from the server
Process exiting
Exiting without the bug reporter. Application will terminate with return code 0